<?xml version="1.0" encoding="utf-8" standalone="no"?>
<!--This file represents the results of running a test suite-->
<test-results name="C:\Users\Cyberkruz\Projects\Rentler\Rentlerv2\RentlerTests.nunit" total="1" errors="0" failures="1" not-run="0" inconclusive="0" ignored="0" skipped="0" invalid="0" date="2012-07-05" time="17:02:46">
  <environment nunit-version="2.5.10.11092" clr-version="2.0.50727.5456" os-version="Microsoft Windows NT 6.1.7601 Service Pack 1" platform="Win32NT" cwd="C:\Users\Cyberkruz\Projects\Rentler\packages\NUnit.2.5.10.11092\tools" machine-name="LAPTASTIC" user="Cyberkruz" user-domain="Laptastic" />
  <culture-info current-culture="en-US" current-uiculture="en-US" />
  <test-suite type="Project" name="C:\Users\Cyberkruz\Projects\Rentler\Rentlerv2\RentlerTests.nunit" executed="True" result="Failure" success="False" time="0.238" asserts="0">
    <results>
      <test-suite type="Assembly" name="C:\Users\Cyberkruz\Projects\Rentler\Rentlerv2\Rentler.Web.Tests\bin\Debug\Rentler.Web.Tests.dll" executed="True" result="Failure" success="False" time="0.222" asserts="0">
        <results>
          <test-suite type="Namespace" name="Rentler" executed="True" result="Failure" success="False" time="0.222" asserts="0">
            <results>
              <test-suite type="Namespace" name="Web" executed="True" result="Failure" success="False" time="0.221" asserts="0">
                <results>
                  <test-suite type="Namespace" name="Tests" executed="True" result="Failure" success="False" time="0.221" asserts="0">
                    <results>
                      <test-suite type="Namespace" name="Dashboard" executed="True" result="Failure" success="False" time="0.221" asserts="0">
                        <results>
                          <test-suite type="Namespace" name="Models" executed="True" result="Failure" success="False" time="0.217" asserts="0">
                            <results>
                              <test-suite type="TestFixture" name="PropertyPromoteInputModelTests" executed="True" result="Failure" success="False" time="0.214" asserts="0">
                                <results>
                                  <test-case name="Rentler.Web.Tests.Dashboard.Models.PropertyPromoteInputModelTests.BuildingWithOrderSelectedRibbonName" executed="True" result="Failure" success="False" time="0.194" asserts="3">
                                    <failure>
                                      <message><![CDATA[  Expected: "3cargarage"
  But was:  null
]]></message>
                                      <stack-trace><![CDATA[at Rentler.Web.Tests.Dashboard.Models.PropertyPromoteInputModelTests.BuildingWithOrderSelectedRibbonName() in C:\Users\Cyberkruz\Projects\Rentler\Rentlerv2\Rentler.Web.Tests\Dashboard\Models\PropertyPromoteInputModelTests.cs:line 68
]]></stack-trace>
                                    </failure>
                                  </test-case>
                                </results>
                              </test-suite>
                            </results>
                          </test-suite>
                        </results>
                      </test-suite>
                    </results>
                  </test-suite>
                </results>
              </test-suite>
            </results>
          </test-suite>
        </results>
      </test-suite>
    </results>
  </test-suite>
</test-results>